# JRE version: OpenJDK Runtime Environment (14.0.2+12) (build 14.0.2+12-46)
# Java VM: OpenJDK 64-Bit Server VM (14.0.2+12-46, mixed mode, tiered, compressed oops, g1 gc, windows-amd64)
Heap:
 garbage-first heap   total 55296K, used 35285K [0x00000000a1400000, 0x0000000100000000)
  region size 1024K, 22 young (22528K), 3 survivors (3072K)
 Metaspace       used 49348K, capacity 50340K, committed 50560K, reserved 1093632K
  class space    used 6151K, capacity 6501K, committed 6528K, reserved 1048576K
GC Heap History (20 events):
Event: 2.284 GC heap before
{Heap before GC invocations=5 (full 0):
 garbage-first heap   total 34816K, used 33988K [0x00000000a1400000, 0x0000000100000000)
  region size 1024K, 28 young (28672K), 3 survivors (3072K)
 Metaspace       used 25622K, capacity 26091K, committed 26240K, reserved 1073152K
  class space    used 2979K, capacity 3174K, committed 3200K, reserved 1048576K
}
Event: 2.289 GC heap after
{Heap after GC invocations=6 (full 0):
 garbage-first heap   total 37888K, used 9183K [0x00000000a1400000, 0x0000000100000000)
  region size 1024K, 3 young (3072K), 3 survivors (3072K)
 Metaspace       used 25622K, capacity 26091K, committed 26240K, reserved 1073152K
  class space    used 2979K, capacity 3174K, committed 3200K, reserved 1048576K
}
Event: 2.362 GC heap before
{Heap before GC invocations=6 (full 0):
 garbage-first heap   total 37888K, used 25567K [0x00000000a1400000, 0x0000000100000000)
  region size 1024K, 20 young (20480K), 3 survivors (3072K)
 Metaspace       used 25888K, capacity 26402K, committed 26624K, reserved 1073152K
  class space    used 3015K, capacity 3214K, committed 3328K, reserved 1048576K
}
Event: 2.366 GC heap after
{Heap after GC invocations=7 (full 0):
 garbage-first heap   total 46080K, used 9586K [0x00000000a1400000, 0x0000000100000000)
  region size 1024K, 2 young (2048K), 2 survivors (2048K)
 Metaspace       used 25888K, capacity 26402K, committed 26624K, reserved 1073152K
  class space    used 3015K, capacity 3214K, committed 3328K, reserved 1048576K
}
Event: 2.429 GC heap before
{Heap before GC invocations=7 (full 0):
 garbage-first heap   total 46080K, used 33138K [0x00000000a1400000, 0x0000000100000000)
  region size 1024K, 26 young (26624K), 2 survivors (2048K)
 Metaspace       used 26421K, capacity 26991K, committed 27136K, reserved 1073152K
  class space    used 3070K, capacity 3283K, committed 3328K, reserved 1048576K
}
Event: 2.432 GC heap after
{Heap after GC invocations=8 (full 0):
 garbage-first heap   total 46080K, used 9638K [0x00000000a1400000, 0x0000000100000000)
  region size 1024K, 2 young (2048K), 2 survivors (2048K)
 Metaspace       used 26421K, capacity 26991K, committed 27136K, reserved 1073152K
  class space    used 3070K, capacity 3283K, committed 3328K, reserved 1048576K
}
Event: 3.511 GC heap before
{Heap before GC invocations=8 (full 0):
 garbage-first heap   total 46080K, used 35238K [0x00000000a1400000, 0x0000000100000000)
  region size 1024K, 27 young (27648K), 2 survivors (2048K)
 Metaspace       used 28152K, capacity 28733K, committed 28928K, reserved 1075200K
  class space    used 3269K, capacity 3490K, committed 3584K, reserved 1048576K
}
Event: 3.518 GC heap after
{Heap after GC invocations=9 (full 0):
 garbage-first heap   total 46080K, used 10772K [0x00000000a1400000, 0x0000000100000000)
  region size 1024K, 3 young (3072K), 3 survivors (3072K)
 Metaspace       used 28152K, capacity 28733K, committed 28928K, reserved 1075200K
  class space    used 3269K, capacity 3490K, committed 3584K, reserved 1048576K
}
Event: 4.284 GC heap before
{Heap before GC invocations=9 (full 0):
 garbage-first heap   total 46080K, used 35348K [0x00000000a1400000, 0x0000000100000000)
  region size 1024K, 27 young (27648K), 3 survivors (3072K)
 Metaspace       used 31697K, capacity 32279K, committed 32384K, reserved 1077248K
  class space    used 3738K, capacity 3962K, committed 3968K, reserved 1048576K
}
Event: 4.293 GC heap after
{Heap after GC invocations=10 (full 0):
 garbage-first heap   total 46080K, used 11869K [0x00000000a1400000, 0x0000000100000000)
  region size 1024K, 3 young (3072K), 3 survivors (3072K)
 Metaspace       used 31697K, capacity 32279K, committed 32384K, reserved 1077248K
  class space    used 3738K, capacity 3962K, committed 3968K, reserved 1048576K
}
Event: 4.942 GC heap before
{Heap before GC invocations=10 (full 0):
 garbage-first heap   total 46080K, used 30301K [0x00000000a1400000, 0x0000000100000000)
  region size 1024K, 22 young (22528K), 3 survivors (3072K)
 Metaspace       used 34885K, capacity 35796K, committed 35840K, reserved 1081344K
  class space    used 4199K, capacity 4576K, committed 4608K, reserved 1048576K
}
Event: 4.952 GC heap after
{Heap after GC invocations=11 (full 0):
 garbage-first heap   total 46080K, used 13910K [0x00000000a1400000, 0x0000000100000000)
  region size 1024K, 4 young (4096K), 4 survivors (4096K)
 Metaspace       used 34885K, capacity 35796K, committed 35840K, reserved 1081344K
  class space    used 4199K, capacity 4576K, committed 4608K, reserved 1048576K
}
Event: 5.239 GC heap before
{Heap before GC invocations=12 (full 0):
 garbage-first heap   total 46080K, used 33366K [0x00000000a1400000, 0x0000000100000000)
  region size 1024K, 24 young (24576K), 4 survivors (4096K)
 Metaspace       used 36852K, capacity 37776K, committed 38144K, reserved 1083392K
  class space    used 4395K, capacity 4744K, committed 4864K, reserved 1048576K
}
Event: 5.248 GC heap after
{Heap after GC invocations=13 (full 0):
 garbage-first heap   total 55296K, used 14779K [0x00000000a1400000, 0x0000000100000000)
  region size 1024K, 1 young (1024K), 1 survivors (1024K)
 Metaspace       used 36852K, capacity 37776K, committed 38144K, reserved 1083392K
  class space    used 4395K, capacity 4744K, committed 4864K, reserved 1048576K
}
Event: 5.265 GC heap before
{Heap before GC invocations=13 (full 0):
 garbage-first heap   total 55296K, used 42427K [0x00000000a1400000, 0x0000000100000000)
  region size 1024K, 29 young (29696K), 1 survivors (1024K)
 Metaspace       used 36856K, capacity 37776K, committed 38144K, reserved 1083392K
  class space    used 4395K, capacity 4744K, committed 4864K, reserved 1048576K
}
Event: 5.268 GC heap after
{Heap after GC invocations=14 (full 0):
 garbage-first heap   total 55296K, used 14604K [0x00000000a1400000, 0x0000000100000000)
  region size 1024K, 1 young (1024K), 1 survivors (1024K)
 Metaspace       used 36856K, capacity 37776K, committed 38144K, reserved 1083392K
  class space    used 4395K, capacity 4744K, committed 4864K, reserved 1048576K
}
Event: 5.955 GC heap before
{Heap before GC invocations=14 (full 0):
 garbage-first heap   total 55296K, used 44300K [0x00000000a1400000, 0x0000000100000000)
  region size 1024K, 30 young (30720K), 1 survivors (1024K)
 Metaspace       used 40493K, capacity 41448K, committed 41600K, reserved 1085440K
  class space    used 4786K, capacity 5158K, committed 5248K, reserved 1048576K
}
Event: 5.959 GC heap after
{Heap after GC invocations=15 (full 0):
 garbage-first heap   total 55296K, used 16084K [0x00000000a1400000, 0x0000000100000000)
  region size 1024K, 3 young (3072K), 3 survivors (3072K)
 Metaspace       used 40493K, capacity 41448K, committed 41600K, reserved 1085440K
  class space    used 4786K, capacity 5158K, committed 5248K, reserved 1048576K
}
Event: 6.651 GC heap before
{Heap before GC invocations=15 (full 0):
 garbage-first heap   total 55296K, used 43732K [0x00000000a1400000, 0x0000000100000000)
  region size 1024K, 30 young (30720K), 3 survivors (3072K)
 Metaspace       used 45671K, capacity 46685K, committed 46848K, reserved 1089536K
  class space    used 5685K, capacity 6071K, committed 6144K, reserved 1048576K
}
Event: 6.656 GC heap after
{Heap after GC invocations=16 (full 0):
 garbage-first heap   total 55296K, used 16853K [0x00000000a1400000, 0x0000000100000000)
  region size 1024K, 3 young (3072K), 3 survivors (3072K)
 Metaspace       used 45671K, capacity 46685K, committed 46848K, reserved 1089536K
  class space    used 5685K, capacity 6071K, committed 6144K, reserved 1048576K
}

